<?xml version="1.0" encoding="UTF-8"?>
<!-- Generated by org.testng.reporters.JUnitXMLReporter -->
<testsuite hostname="Cajetans-MacBook-Pro.local" ignored="0" name="Test" tests="4" failures="0" timestamp="2020-12-07T20:36:06 IST" time="18.746" errors="0">
  <testcase name="launchChrome" time="9.987" classname="test.ParallelTests"/>
  <testcase name="actionFBONChrome" time="6.685" classname="test.ParallelTests"/>
  <testcase name="launchFirefox" time="16.998" classname="test.ParallelTests"/>
  <testcase name="actionFBONFirefox" time="1.68" classname="test.ParallelTests"/>
</testsuite> <!-- Test -->
