<?xml version="1.0" encoding="UTF-8"?>
<testng-results skipped="0" failed="0" ignored="0" total="4" passed="4">
  <reporter-output>
  </reporter-output>
  <suite name="Suite" duration-ms="18746" started-at="2020-12-07T20:35:48 IST" finished-at="2020-12-07T20:36:06 IST">
    <groups>
      <group name="Chrome">
        <method signature="ParallelTests.launchChrome()[pri:0, instance:test.ParallelTests@22a67b4]" name="launchChrome" class="test.ParallelTests"/>
        <method signature="ParallelTests.actionFBONChrome()[pri:0, instance:test.ParallelTests@22a67b4]" name="actionFBONChrome" class="test.ParallelTests"/>
      </group> <!-- Chrome -->
      <group name="Firefox">
        <method signature="ParallelTests.launchFirefox()[pri:0, instance:test.ParallelTests@22a67b4]" name="launchFirefox" class="test.ParallelTests"/>
        <method signature="ParallelTests.actionFBONFirefox()[pri:0, instance:test.ParallelTests@22a67b4]" name="actionFBONFirefox" class="test.ParallelTests"/>
      </group> <!-- Firefox -->
    </groups>
    <test name="Test" duration-ms="18746" started-at="2020-12-07T20:35:48 IST" finished-at="2020-12-07T20:36:06 IST">
      <class name="test.ParallelTests">
        <test-method status="PASS" signature="launchFirefox()[pri:0, instance:test.ParallelTests@22a67b4]" name="launchFirefox" duration-ms="16998" started-at="2020-12-07T20:35:48 IST" finished-at="2020-12-07T20:36:05 IST">
          <reporter-output>
          </reporter-output>
        </test-method> <!-- launchFirefox -->
        <test-method status="PASS" signature="launchChrome()[pri:0, instance:test.ParallelTests@22a67b4]" name="launchChrome" duration-ms="9987" started-at="2020-12-07T20:35:48 IST" finished-at="2020-12-07T20:35:58 IST">
          <reporter-output>
          </reporter-output>
        </test-method> <!-- launchChrome -->
        <test-method status="PASS" signature="actionFBONChrome()[pri:0, instance:test.ParallelTests@22a67b4]" name="actionFBONChrome" duration-ms="6685" started-at="2020-12-07T20:35:58 IST" depends-on-methods="test.ParallelTests.launchChrome" finished-at="2020-12-07T20:36:04 IST">
          <reporter-output>
          </reporter-output>
        </test-method> <!-- actionFBONChrome -->
        <test-method status="PASS" signature="actionFBONFirefox()[pri:0, instance:test.ParallelTests@22a67b4]" name="actionFBONFirefox" duration-ms="1680" started-at="2020-12-07T20:36:05 IST" depends-on-methods="test.ParallelTests.launchFirefox" finished-at="2020-12-07T20:36:06 IST">
          <reporter-output>
          </reporter-output>
        </test-method> <!-- actionFBONFirefox -->
      </class> <!-- test.ParallelTests -->
    </test> <!-- Test -->
  </suite> <!-- Suite -->
</testng-results>
